build/app/intermediates/manifest_merge_blame_file/release/manifest-merger-blame-release-report.txt
1<?xml version="1.0" encoding="utf-8"?>
2<manifest xmlns:android="http://schemas.android.com/apk/res/android"
3    package="com.example.fend"
4    android:versionCode="1"
5    android:versionName="1.0.0" >
6
7    <uses-sdk
8        android:minSdkVersion="16"
8-->src/main/AndroidManifest.xml
9        android:targetSdkVersion="30" />
9-->src/main/AndroidManifest.xml
10
11    <uses-permission android:name="android.permission.RECEIVE_BOOT_COMPLETED" />
11-->src/main/AndroidManifest.xml:3:6-81
11-->src/main/AndroidManifest.xml:3:23-79
12    <uses-permission android:name="android.permission.VIBRATE" />
12-->src/main/AndroidManifest.xml:4:6-67
12-->src/main/AndroidManifest.xml:4:23-64
13    <uses-permission android:name="android.permission.INTERNET" />
13-->src/main/AndroidManifest.xml:5:6-67
13-->src/main/AndroidManifest.xml:5:23-65
14    <uses-permission android:name="android.permission.READ_EXTERNAL_STORAGE" />
14-->src/main/AndroidManifest.xml:6:5-98
14-->src/main/AndroidManifest.xml:6:22-79
15    <uses-permission android:name="android.permission.WRITE_EXTERNAL_STORAGE" />
15-->src/main/AndroidManifest.xml:7:5-99
15-->src/main/AndroidManifest.xml:7:22-80
16    <uses-permission android:name="android.permission.USE_FULL_SCREEN_INTENT" />
16-->[:flutter_local_notifications] AndroidManifest.xml:9:5-81
16-->[:flutter_local_notifications] AndroidManifest.xml:9:22-78
17    <uses-permission android:name="android.permission.WAKE_LOCK" />
17-->[androidx.work:work-runtime:2.4.0] AndroidManifest.xml:25:5-68
17-->[androidx.work:work-runtime:2.4.0] AndroidManifest.xml:25:22-65
18    <uses-permission android:name="android.permission.ACCESS_NETWORK_STATE" />
18-->[androidx.work:work-runtime:2.4.0] AndroidManifest.xml:26:5-79
18-->[androidx.work:work-runtime:2.4.0] AndroidManifest.xml:26:22-76
19    <uses-permission android:name="android.permission.FOREGROUND_SERVICE" />
19-->[androidx.work:work-runtime:2.4.0] AndroidManifest.xml:28:5-77
19-->[androidx.work:work-runtime:2.4.0] AndroidManifest.xml:28:22-74
20
21    <application
21-->src/main/AndroidManifest.xml:8:4-60:19
22        android:appComponentFactory="androidx.core.app.CoreComponentFactory"
22-->[androidx.core:core:1.3.1] AndroidManifest.xml:24:18-86
23        android:icon="@mipmap/ic_launcher"
23-->src/main/AndroidManifest.xml:10:9-43
24        android:label="fend" >
24-->src/main/AndroidManifest.xml:9:9-29
25        <activity
25-->src/main/AndroidManifest.xml:11:9-39:20
26            android:name="com.example.fend.MainActivity"
26-->src/main/AndroidManifest.xml:12:13-41
27            android:configChanges="orientation|keyboardHidden|keyboard|screenSize|smallestScreenSize|locale|layoutDirection|fontScale|screenLayout|density|uiMode"
27-->src/main/AndroidManifest.xml:15:13-163
28            android:hardwareAccelerated="true"
28-->src/main/AndroidManifest.xml:16:13-47
29            android:launchMode="singleTop"
29-->src/main/AndroidManifest.xml:13:13-43
30            android:theme="@style/LaunchTheme"
30-->src/main/AndroidManifest.xml:14:13-47
31            android:windowSoftInputMode="adjustResize" >
31-->src/main/AndroidManifest.xml:17:13-55
32
33            <!--
34                 Specifies an Android theme to apply to this Activity as soon as
35                 the Android process has started. This theme is visible to the user
36                 while the Flutter UI initializes. After that, this theme continues
37                 to determine the Window background behind the Flutter UI.
38            -->
39            <meta-data
39-->src/main/AndroidManifest.xml:22:13-25:17
40                android:name="io.flutter.embedding.android.NormalTheme"
40-->src/main/AndroidManifest.xml:23:15-70
41                android:resource="@style/NormalTheme" />
41-->src/main/AndroidManifest.xml:24:15-52
42            <!--
43                 Displays an Android View that continues showing the launch screen
44                 Drawable until Flutter paints its first frame, then this splash
45                 screen fades out. A splash screen is useful to avoid any visual
46                 gap between the end of Android's launch screen and the painting of
47                 Flutter's first frame.
48            -->
49            <meta-data
49-->src/main/AndroidManifest.xml:31:13-34:17
50                android:name="io.flutter.embedding.android.SplashScreenDrawable"
50-->src/main/AndroidManifest.xml:32:15-79
51                android:resource="@drawable/launch_background" />
51-->src/main/AndroidManifest.xml:33:15-61
52
53            <intent-filter>
53-->src/main/AndroidManifest.xml:35:13-38:29
54                <action android:name="android.intent.action.MAIN" />
54-->src/main/AndroidManifest.xml:36:17-68
54-->src/main/AndroidManifest.xml:36:25-66
55
56                <category android:name="android.intent.category.LAUNCHER" />
56-->src/main/AndroidManifest.xml:37:17-76
56-->src/main/AndroidManifest.xml:37:27-74
57            </intent-filter>
58        </activity>
59
60        <provider
61            android:name="vn.hunghd.flutterdownloader.DownloadedFileProvider"
61-->src/main/AndroidManifest.xml:41:12-77
62            android:authorities="com.example.fend.flutter_downloader.provider"
62-->src/main/AndroidManifest.xml:42:12-78
63            android:exported="false"
63-->src/main/AndroidManifest.xml:43:12-36
64            android:grantUriPermissions="true" >
64-->src/main/AndroidManifest.xml:44:12-46
65            <meta-data
65-->src/main/AndroidManifest.xml:45:12-47:56
66                android:name="android.support.FILE_PROVIDER_PATHS"
66-->src/main/AndroidManifest.xml:46:16-66
67                android:resource="@xml/provider_paths" />
67-->src/main/AndroidManifest.xml:47:16-54
68        </provider>
69
70        <receiver android:name="com.dexterous.flutterlocalnotifications.ScheduledNotificationBootReceiver" >
70-->src/main/AndroidManifest.xml:49:9-53:19
70-->src/main/AndroidManifest.xml:49:19-107
71            <intent-filter>
71-->src/main/AndroidManifest.xml:50:12-52:28
72                <action android:name="android.intent.action.BOOT_COMPLETED" />
72-->src/main/AndroidManifest.xml:51:16-85
72-->src/main/AndroidManifest.xml:51:24-75
73            </intent-filter>
74            <intent-filter>
74-->[:flutter_local_notifications] AndroidManifest.xml:14:13-19:29
75                <action android:name="android.intent.action.BOOT_COMPLETED" />
75-->src/main/AndroidManifest.xml:51:16-85
75-->src/main/AndroidManifest.xml:51:24-75
76                <action android:name="android.intent.action.MY_PACKAGE_REPLACED" />
76-->[:flutter_local_notifications] AndroidManifest.xml:16:17-84
76-->[:flutter_local_notifications] AndroidManifest.xml:16:25-81
77                <action android:name="android.intent.action.QUICKBOOT_POWERON" />
77-->[:flutter_local_notifications] AndroidManifest.xml:17:17-82
77-->[:flutter_local_notifications] AndroidManifest.xml:17:25-79
78                <action android:name="com.htc.intent.action.QUICKBOOT_POWERON" />
78-->[:flutter_local_notifications] AndroidManifest.xml:18:17-82
78-->[:flutter_local_notifications] AndroidManifest.xml:18:25-79
79            </intent-filter>
80        </receiver>
81        <receiver android:name="com.dexterous.flutterlocalnotifications.ScheduledNotificationReceiver" />
81-->src/main/AndroidManifest.xml:54:8-105
81-->src/main/AndroidManifest.xml:54:18-102
82        <!--
83             Don't delete the meta-data below.
84             This is used by the Flutter tool to generate GeneratedPluginRegistrant.java
85        -->
86        <meta-data
86-->src/main/AndroidManifest.xml:57:9-59:33
87            android:name="flutterEmbedding"
87-->src/main/AndroidManifest.xml:58:13-44
88            android:value="2" />
88-->src/main/AndroidManifest.xml:59:13-30
89
90        <provider
90-->[:image_picker] AndroidManifest.xml:11:9-19:20
91            android:name="io.flutter.plugins.imagepicker.ImagePickerFileProvider"
91-->[:image_picker] AndroidManifest.xml:12:13-82
92            android:authorities="com.example.fend.flutter.image_provider"
92-->[:image_picker] AndroidManifest.xml:13:13-74
93            android:exported="false"
93-->[:image_picker] AndroidManifest.xml:14:13-37
94            android:grantUriPermissions="true" >
94-->[:image_picker] AndroidManifest.xml:15:13-47
95            <meta-data
95-->src/main/AndroidManifest.xml:45:12-47:56
96                android:name="android.support.FILE_PROVIDER_PATHS"
96-->src/main/AndroidManifest.xml:46:16-66
97                android:resource="@xml/flutter_image_picker_file_paths" />
97-->src/main/AndroidManifest.xml:47:16-54
98        </provider>
99        <provider
99-->[:flutter_email_sender] AndroidManifest.xml:8:9-16:20
100            android:name="com.sidlatau.flutteremailsender.FlutterEmailSenderFileProvider"
100-->[:flutter_email_sender] AndroidManifest.xml:9:13-90
101            android:authorities="com.example.fend.file_provider"
101-->[:flutter_email_sender] AndroidManifest.xml:10:13-65
102            android:exported="false"
102-->[:flutter_email_sender] AndroidManifest.xml:11:13-37
103            android:grantUriPermissions="true" >
103-->[:flutter_email_sender] AndroidManifest.xml:12:13-47
104            <meta-data
104-->src/main/AndroidManifest.xml:45:12-47:56
105                android:name="android.support.FILE_PROVIDER_PATHS"
105-->src/main/AndroidManifest.xml:46:16-66
106                android:resource="@xml/shared_file_paths" />
106-->src/main/AndroidManifest.xml:47:16-54
107        </provider>
108        <provider
108-->[androidx.work:work-runtime:2.4.0] AndroidManifest.xml:31:9-37:35
109            android:name="androidx.work.impl.WorkManagerInitializer"
109-->[androidx.work:work-runtime:2.4.0] AndroidManifest.xml:32:13-69
110            android:authorities="com.example.fend.workmanager-init"
110-->[androidx.work:work-runtime:2.4.0] AndroidManifest.xml:33:13-68
111            android:directBootAware="false"
111-->[androidx.work:work-runtime:2.4.0] AndroidManifest.xml:34:13-44
112            android:exported="false"
112-->[androidx.work:work-runtime:2.4.0] AndroidManifest.xml:35:13-37
113            android:multiprocess="true" />
113-->[androidx.work:work-runtime:2.4.0] AndroidManifest.xml:36:13-40
114
115        <service
115-->[androidx.work:work-runtime:2.4.0] AndroidManifest.xml:39:9-44:35
116            android:name="androidx.work.impl.background.systemalarm.SystemAlarmService"
116-->[androidx.work:work-runtime:2.4.0] AndroidManifest.xml:40:13-88
117            android:directBootAware="false"
117-->[androidx.work:work-runtime:2.4.0] AndroidManifest.xml:41:13-44
118            android:enabled="@bool/enable_system_alarm_service_default"
118-->[androidx.work:work-runtime:2.4.0] AndroidManifest.xml:42:13-72
119            android:exported="false" />
119-->[androidx.work:work-runtime:2.4.0] AndroidManifest.xml:43:13-37
120        <service
120-->[androidx.work:work-runtime:2.4.0] AndroidManifest.xml:45:9-51:35
121            android:name="androidx.work.impl.background.systemjob.SystemJobService"
121-->[androidx.work:work-runtime:2.4.0] AndroidManifest.xml:46:13-84
122            android:directBootAware="false"
122-->[androidx.work:work-runtime:2.4.0] AndroidManifest.xml:47:13-44
123            android:enabled="@bool/enable_system_job_service_default"
123-->[androidx.work:work-runtime:2.4.0] AndroidManifest.xml:48:13-70
124            android:exported="true"
124-->[androidx.work:work-runtime:2.4.0] AndroidManifest.xml:49:13-36
125            android:permission="android.permission.BIND_JOB_SERVICE" />
125-->[androidx.work:work-runtime:2.4.0] AndroidManifest.xml:50:13-69
126        <service
126-->[androidx.work:work-runtime:2.4.0] AndroidManifest.xml:52:9-57:35
127            android:name="androidx.work.impl.foreground.SystemForegroundService"
127-->[androidx.work:work-runtime:2.4.0] AndroidManifest.xml:53:13-81
128            android:directBootAware="false"
128-->[androidx.work:work-runtime:2.4.0] AndroidManifest.xml:54:13-44
129            android:enabled="@bool/enable_system_foreground_service_default"
129-->[androidx.work:work-runtime:2.4.0] AndroidManifest.xml:55:13-77
130            android:exported="false" />
130-->[androidx.work:work-runtime:2.4.0] AndroidManifest.xml:56:13-37
131
132        <receiver
132-->[androidx.work:work-runtime:2.4.0] AndroidManifest.xml:59:9-64:35
133            android:name="androidx.work.impl.utils.ForceStopRunnable$BroadcastReceiver"
133-->[androidx.work:work-runtime:2.4.0] AndroidManifest.xml:60:13-88
134            android:directBootAware="false"
134-->[androidx.work:work-runtime:2.4.0] AndroidManifest.xml:61:13-44
135            android:enabled="true"
135-->[androidx.work:work-runtime:2.4.0] AndroidManifest.xml:62:13-35
136            android:exported="false" />
136-->[androidx.work:work-runtime:2.4.0] AndroidManifest.xml:63:13-37
137        <receiver
137-->[androidx.work:work-runtime:2.4.0] AndroidManifest.xml:65:9-75:20
138            android:name="androidx.work.impl.background.systemalarm.ConstraintProxy$BatteryChargingProxy"
138-->[androidx.work:work-runtime:2.4.0] AndroidManifest.xml:66:13-106
139            android:directBootAware="false"
139-->[androidx.work:work-runtime:2.4.0] AndroidManifest.xml:67:13-44
140            android:enabled="false"
140-->[androidx.work:work-runtime:2.4.0] AndroidManifest.xml:68:13-36
141            android:exported="false" >
141-->[androidx.work:work-runtime:2.4.0] AndroidManifest.xml:69:13-37
142            <intent-filter>
142-->[androidx.work:work-runtime:2.4.0] AndroidManifest.xml:71:13-74:29
143                <action android:name="android.intent.action.ACTION_POWER_CONNECTED" />
143-->[androidx.work:work-runtime:2.4.0] AndroidManifest.xml:72:17-87
143-->[androidx.work:work-runtime:2.4.0] AndroidManifest.xml:72:25-84
144                <action android:name="android.intent.action.ACTION_POWER_DISCONNECTED" />
144-->[androidx.work:work-runtime:2.4.0] AndroidManifest.xml:73:17-90
144-->[androidx.work:work-runtime:2.4.0] AndroidManifest.xml:73:25-87
145            </intent-filter>
146        </receiver>
147        <receiver
147-->[androidx.work:work-runtime:2.4.0] AndroidManifest.xml:76:9-86:20
148            android:name="androidx.work.impl.background.systemalarm.ConstraintProxy$BatteryNotLowProxy"
148-->[androidx.work:work-runtime:2.4.0] AndroidManifest.xml:77:13-104
149            android:directBootAware="false"
149-->[androidx.work:work-runtime:2.4.0] AndroidManifest.xml:78:13-44
150            android:enabled="false"
150-->[androidx.work:work-runtime:2.4.0] AndroidManifest.xml:79:13-36
151            android:exported="false" >
151-->[androidx.work:work-runtime:2.4.0] AndroidManifest.xml:80:13-37
152            <intent-filter>
152-->[androidx.work:work-runtime:2.4.0] AndroidManifest.xml:82:13-85:29
153                <action android:name="android.intent.action.BATTERY_OKAY" />
153-->[androidx.work:work-runtime:2.4.0] AndroidManifest.xml:83:17-77
153-->[androidx.work:work-runtime:2.4.0] AndroidManifest.xml:83:25-74
154                <action android:name="android.intent.action.BATTERY_LOW" />
154-->[androidx.work:work-runtime:2.4.0] AndroidManifest.xml:84:17-76
154-->[androidx.work:work-runtime:2.4.0] AndroidManifest.xml:84:25-73
155            </intent-filter>
156        </receiver>
157        <receiver
157-->[androidx.work:work-runtime:2.4.0] AndroidManifest.xml:87:9-97:20
158            android:name="androidx.work.impl.background.systemalarm.ConstraintProxy$StorageNotLowProxy"
158-->[androidx.work:work-runtime:2.4.0] AndroidManifest.xml:88:13-104
159            android:directBootAware="false"
159-->[androidx.work:work-runtime:2.4.0] AndroidManifest.xml:89:13-44
160            android:enabled="false"
160-->[androidx.work:work-runtime:2.4.0] AndroidManifest.xml:90:13-36
161            android:exported="false" >
161-->[androidx.work:work-runtime:2.4.0] AndroidManifest.xml:91:13-37
162            <intent-filter>
162-->[androidx.work:work-runtime:2.4.0] AndroidManifest.xml:93:13-96:29
163                <action android:name="android.intent.action.DEVICE_STORAGE_LOW" />
163-->[androidx.work:work-runtime:2.4.0] AndroidManifest.xml:94:17-83
163-->[androidx.work:work-runtime:2.4.0] AndroidManifest.xml:94:25-80
164                <action android:name="android.intent.action.DEVICE_STORAGE_OK" />
164-->[androidx.work:work-runtime:2.4.0] AndroidManifest.xml:95:17-82
164-->[androidx.work:work-runtime:2.4.0] AndroidManifest.xml:95:25-79
165            </intent-filter>
166        </receiver>
167        <receiver
167-->[androidx.work:work-runtime:2.4.0] AndroidManifest.xml:98:9-107:20
168            android:name="androidx.work.impl.background.systemalarm.ConstraintProxy$NetworkStateProxy"
168-->[androidx.work:work-runtime:2.4.0] AndroidManifest.xml:99:13-103
169            android:directBootAware="false"
169-->[androidx.work:work-runtime:2.4.0] AndroidManifest.xml:100:13-44
170            android:enabled="false"
170-->[androidx.work:work-runtime:2.4.0] AndroidManifest.xml:101:13-36
171            android:exported="false" >
171-->[androidx.work:work-runtime:2.4.0] AndroidManifest.xml:102:13-37
172            <intent-filter>
172-->[androidx.work:work-runtime:2.4.0] AndroidManifest.xml:104:13-106:29
173                <action android:name="android.net.conn.CONNECTIVITY_CHANGE" />
173-->[androidx.work:work-runtime:2.4.0] AndroidManifest.xml:105:17-79
173-->[androidx.work:work-runtime:2.4.0] AndroidManifest.xml:105:25-76
174            </intent-filter>
175        </receiver>
176        <receiver
176-->[androidx.work:work-runtime:2.4.0] AndroidManifest.xml:108:9-119:20
177            android:name="androidx.work.impl.background.systemalarm.RescheduleReceiver"
177-->[androidx.work:work-runtime:2.4.0] AndroidManifest.xml:109:13-88
178            android:directBootAware="false"
178-->[androidx.work:work-runtime:2.4.0] AndroidManifest.xml:110:13-44
179            android:enabled="false"
179-->[androidx.work:work-runtime:2.4.0] AndroidManifest.xml:111:13-36
180            android:exported="false" >
180-->[androidx.work:work-runtime:2.4.0] AndroidManifest.xml:112:13-37
181            <intent-filter>
181-->[androidx.work:work-runtime:2.4.0] AndroidManifest.xml:114:13-118:29
182                <action android:name="android.intent.action.BOOT_COMPLETED" />
182-->src/main/AndroidManifest.xml:51:16-85
182-->src/main/AndroidManifest.xml:51:24-75
183                <action android:name="android.intent.action.TIME_SET" />
183-->[androidx.work:work-runtime:2.4.0] AndroidManifest.xml:116:17-73
183-->[androidx.work:work-runtime:2.4.0] AndroidManifest.xml:116:25-70
184                <action android:name="android.intent.action.TIMEZONE_CHANGED" />
184-->[androidx.work:work-runtime:2.4.0] AndroidManifest.xml:117:17-81
184-->[androidx.work:work-runtime:2.4.0] AndroidManifest.xml:117:25-78
185            </intent-filter>
186        </receiver>
187        <receiver
187-->[androidx.work:work-runtime:2.4.0] AndroidManifest.xml:120:9-129:20
188            android:name="androidx.work.impl.background.systemalarm.ConstraintProxyUpdateReceiver"
188-->[androidx.work:work-runtime:2.4.0] AndroidManifest.xml:121:13-99
189            android:directBootAware="false"
189-->[androidx.work:work-runtime:2.4.0] AndroidManifest.xml:122:13-44
190            android:enabled="@bool/enable_system_alarm_service_default"
190-->[androidx.work:work-runtime:2.4.0] AndroidManifest.xml:123:13-72
191            android:exported="false" >
191-->[androidx.work:work-runtime:2.4.0] AndroidManifest.xml:124:13-37
192            <intent-filter>
192-->[androidx.work:work-runtime:2.4.0] AndroidManifest.xml:126:13-128:29
193                <action android:name="androidx.work.impl.background.systemalarm.UpdateProxies" />
193-->[androidx.work:work-runtime:2.4.0] AndroidManifest.xml:127:17-98
193-->[androidx.work:work-runtime:2.4.0] AndroidManifest.xml:127:25-95
194            </intent-filter>
195        </receiver>
196        <receiver
196-->[androidx.work:work-runtime:2.4.0] AndroidManifest.xml:130:9-140:20
197            android:name="androidx.work.impl.diagnostics.DiagnosticsReceiver"
197-->[androidx.work:work-runtime:2.4.0] AndroidManifest.xml:131:13-78
198            android:directBootAware="false"
198-->[androidx.work:work-runtime:2.4.0] AndroidManifest.xml:132:13-44
199            android:enabled="true"
199-->[androidx.work:work-runtime:2.4.0] AndroidManifest.xml:133:13-35
200            android:exported="true"
200-->[androidx.work:work-runtime:2.4.0] AndroidManifest.xml:134:13-36
201            android:permission="android.permission.DUMP" >
201-->[androidx.work:work-runtime:2.4.0] AndroidManifest.xml:135:13-57
202            <intent-filter>
202-->[androidx.work:work-runtime:2.4.0] AndroidManifest.xml:137:13-139:29
203                <action android:name="androidx.work.diagnostics.REQUEST_DIAGNOSTICS" />
203-->[androidx.work:work-runtime:2.4.0] AndroidManifest.xml:138:17-88
203-->[androidx.work:work-runtime:2.4.0] AndroidManifest.xml:138:25-85
204            </intent-filter>
205        </receiver>
206
207        <service
207-->[androidx.room:room-runtime:2.2.5] AndroidManifest.xml:25:9-28:40
208            android:name="androidx.room.MultiInstanceInvalidationService"
208-->[androidx.room:room-runtime:2.2.5] AndroidManifest.xml:26:13-74
209            android:directBootAware="true"
209-->[androidx.room:room-runtime:2.2.5] AndroidManifest.xml:27:13-43
210            android:exported="false" />
210-->[androidx.room:room-runtime:2.2.5] AndroidManifest.xml:28:13-37
211    </application>
212
213</manifest>